Arguments: 
  C:\Program Files\nodejs\node.exe C:\Users\Lenovo\AppData\Roaming\npm\node_modules\yarn\bin\yarn.js add animate.css

PATH: 
  C:\WINDOWS\system32;C:\WINDOWS;C:\WINDOWS\System32\Wbem;C:\WINDOWS\System32\WindowsPowerShell\v1.0\;C:\WINDOWS\System32\OpenSSH\;C:\Program Files\Git\cmd;C:\Program Files\nodejs\;C:\Program Files (x86)\dotnet\;C:\Users\Lenovo\AppData\Local\Microsoft\WindowsApps;;C:\Users\Lenovo\AppData\Local\Programs\Microsoft VS Code\bin;C:\Users\Lenovo\AppData\Roaming\npm

Yarn version: 
  1.22.17

Node version: 
  14.17.0

Platform: 
  win32 x64

Trace: 
  Error: EPERM: operation not permitted, unlink 'D:\web\plazan\node_modules\gulp-sass\node_modules\node-sass\vendor\win32-x64-83\binding.node'

npm manifest: 
  {
    "name": "gulp-project",
    "version": "1.0.0",
    "description": "gulp-project",
    "author": "it-incubator",
    "devDependencies": {
      "browser-sync": "^2.26.14",
      "del": "^6.0.0",
      "gulp": "^4.0.2",
      "gulp-autoprefixer": "^7.0.1",
      "gulp-concat": "^2.6.1",
      "gulp-cssbeautify": "^3.0.0",
      "gulp-cssnano": "^2.1.3",
      "gulp-gh-pages": "^0.5.4",
      "gulp-imagemin": "^7.1.0",
      "gulp-notify": "^3.2.0",
      "gulp-plumber": "^1.2.1",
      "gulp-rename": "^2.0.0",
      "gulp-sass": "^4.1.0",
      "gulp-sourcemaps": "^3.0.0",
      "gulp-strip-css-comments": "^2.0.0",
      "gulp-uglify": "^3.0.2",
      "node-sass": "^5.0.0"
    },
    "browserslist": [
      "last 1 version",
      "> 1%",
      "IE 10"
    ],
    "main": "gulpfile.js",
    "scripts": {
      "test": "echo \"Error: no test specified\" && exit 1"
    },
    "keywords": [],
    "license": "ISC",
    "dependencies": {
      "animate.css": "^4.1.1"
    }
  }

yarn manifest: 
  No manifest

Lockfile: 
  No lockfile
